mode: atomic
github.com/testcontainers/testcontainers-go/log/logger.go:25.13,27.23 1 0
github.com/testcontainers/testcontainers-go/log/logger.go:27.23,29.31 1 0
github.com/testcontainers/testcontainers-go/log/logger.go:29.31,30.78 1 0
github.com/testcontainers/testcontainers-go/log/logger.go:30.78,32.5 1 0
github.com/testcontainers/testcontainers-go/log/logger.go:38.23,40.2 1 0
github.com/testcontainers/testcontainers-go/log/logger.go:43.32,45.2 1 0
github.com/testcontainers/testcontainers-go/log/logger.go:47.38,49.2 1 0
github.com/testcontainers/testcontainers-go/log/logger.go:54.49,56.2 0 0
github.com/testcontainers/testcontainers-go/log/logger.go:60.39,63.2 2 0
github.com/testcontainers/testcontainers-go/log/logger.go:70.53,73.2 2 0
github.com/testcontainers/testcontainers-go/exec/processor.go:24.54,32.2 1 0
github.com/testcontainers/testcontainers-go/exec/processor.go:42.57,44.2 1 0
github.com/testcontainers/testcontainers-go/exec/processor.go:46.42,47.54 1 0
github.com/testcontainers/testcontainers-go/exec/processor.go:47.54,49.3 1 0
github.com/testcontainers/testcontainers-go/exec/processor.go:52.54,53.54 1 0
github.com/testcontainers/testcontainers-go/exec/processor.go:53.54,55.3 1 0
github.com/testcontainers/testcontainers-go/exec/processor.go:58.42,59.54 1 0
github.com/testcontainers/testcontainers-go/exec/processor.go:59.54,61.3 1 0
github.com/testcontainers/testcontainers-go/exec/processor.go:72.40,77.2 3 0
github.com/testcontainers/testcontainers-go/exec/processor.go:81.58,86.2 3 0
github.com/testcontainers/testcontainers-go/exec/processor.go:90.57,94.19 3 0
github.com/testcontainers/testcontainers-go/exec/processor.go:94.19,96.3 1 0
github.com/testcontainers/testcontainers-go/exec/processor.go:98.2,98.23 1 0
github.com/testcontainers/testcontainers-go/exec/processor.go:103.34,104.54 1 0
github.com/testcontainers/testcontainers-go/exec/processor.go:104.54,108.25 1 0
github.com/testcontainers/testcontainers-go/exec/processor.go:108.25,110.4 1 0
github.com/testcontainers/testcontainers-go/exec/processor.go:112.3,116.13 4 0
github.com/testcontainers/testcontainers-go/exec/processor.go:116.13,118.78 2 0
github.com/testcontainers/testcontainers-go/exec/processor.go:118.78,121.5 2 0
github.com/testcontainers/testcontainers-go/exec/processor.go:124.3,126.51 2 0
github.com/testcontainers/testcontainers-go/internal/core/network/network.go:22.67,24.2 1 0
github.com/testcontainers/testcontainers-go/internal/core/network/network.go:27.75,29.2 1 0
github.com/testcontainers/testcontainers-go/internal/core/network/network.go:31.85,35.16 3 0
github.com/testcontainers/testcontainers-go/internal/core/network/network.go:35.16,37.3 1 0
github.com/testcontainers/testcontainers-go/internal/core/network/network.go:38.2,43.16 3 0
github.com/testcontainers/testcontainers-go/internal/core/network/network.go:43.16,45.3 1 0
github.com/testcontainers/testcontainers-go/internal/core/network/network.go:47.2,47.20 1 0
github.com/testcontainers/testcontainers-go/internal/core/network/network.go:47.20,49.3 1 0
github.com/testcontainers/testcontainers-go/internal/core/network/network.go:51.2,51.21 1 0
github.com/testcontainers/testcontainers-go/internal/config/config.go:94.20,95.25 1 2
github.com/testcontainers/testcontainers-go/internal/config/config.go:95.25,97.3 1 1
github.com/testcontainers/testcontainers-go/internal/config/config.go:99.2,99.17 1 2
github.com/testcontainers/testcontainers-go/internal/config/config.go:106.14,108.2 1 1
github.com/testcontainers/testcontainers-go/internal/config/config.go:110.20,113.62 2 40
github.com/testcontainers/testcontainers-go/internal/config/config.go:113.62,115.33 2 40
github.com/testcontainers/testcontainers-go/internal/config/config.go:115.33,117.4 1 9
github.com/testcontainers/testcontainers-go/internal/config/config.go:119.3,120.31 2 40
github.com/testcontainers/testcontainers-go/internal/config/config.go:120.31,122.4 1 4
github.com/testcontainers/testcontainers-go/internal/config/config.go:124.3,125.35 2 40
github.com/testcontainers/testcontainers-go/internal/config/config.go:125.35,127.4 1 8
github.com/testcontainers/testcontainers-go/internal/config/config.go:129.3,130.32 2 40
github.com/testcontainers/testcontainers-go/internal/config/config.go:130.32,132.4 1 5
github.com/testcontainers/testcontainers-go/internal/config/config.go:134.3,135.81 2 40
github.com/testcontainers/testcontainers-go/internal/config/config.go:135.81,137.4 1 4
github.com/testcontainers/testcontainers-go/internal/config/config.go:139.3,140.79 2 40
github.com/testcontainers/testcontainers-go/internal/config/config.go:140.79,142.4 1 4
github.com/testcontainers/testcontainers-go/internal/config/config.go:144.3,144.16 1 40
github.com/testcontainers/testcontainers-go/internal/config/config.go:147.2,148.16 2 40
github.com/testcontainers/testcontainers-go/internal/config/config.go:148.16,150.3 1 3
github.com/testcontainers/testcontainers-go/internal/config/config.go:152.2,155.16 3 37
github.com/testcontainers/testcontainers-go/internal/config/config.go:155.16,157.3 1 3
github.com/testcontainers/testcontainers-go/internal/config/config.go:159.2,159.51 1 34
github.com/testcontainers/testcontainers-go/internal/config/config.go:159.51,162.3 2 1
github.com/testcontainers/testcontainers-go/internal/config/config.go:164.2,164.46 1 33
github.com/testcontainers/testcontainers-go/internal/config/config.go:167.35,170.2 2 120
github.com/testcontainers/testcontainers-go/internal/config/config.go:175.50,177.17 2 120
github.com/testcontainers/testcontainers-go/internal/config/config.go:177.17,179.3 1 13
github.com/testcontainers/testcontainers-go/internal/config/config.go:182.2,184.35 2 107
github.com/testcontainers/testcontainers-go/internal/core/bootstrap.go:47.13,53.16 5 1
github.com/testcontainers/testcontainers-go/internal/core/bootstrap.go:53.16,56.3 1 0
github.com/testcontainers/testcontainers-go/internal/core/bootstrap.go:58.2,59.16 2 1
github.com/testcontainers/testcontainers-go/internal/core/bootstrap.go:59.16,63.3 3 0
github.com/testcontainers/testcontainers-go/internal/core/bootstrap.go:65.2,65.30 1 1
github.com/testcontainers/testcontainers-go/internal/core/bootstrap.go:65.30,66.30 1 558
github.com/testcontainers/testcontainers-go/internal/core/bootstrap.go:66.30,67.12 1 557
github.com/testcontainers/testcontainers-go/internal/core/bootstrap.go:70.3,71.17 2 1
github.com/testcontainers/testcontainers-go/internal/core/bootstrap.go:71.17,73.4 1 0
github.com/testcontainers/testcontainers-go/internal/core/bootstrap.go:74.3,77.17 3 1
github.com/testcontainers/testcontainers-go/internal/core/bootstrap.go:77.17,80.4 2 0
github.com/testcontainers/testcontainers-go/internal/core/bootstrap.go:82.3,83.8 2 1
github.com/testcontainers/testcontainers-go/internal/core/bootstrap.go:86.2,88.16 3 1
github.com/testcontainers/testcontainers-go/internal/core/bootstrap.go:88.16,91.3 2 0
github.com/testcontainers/testcontainers-go/internal/core/bootstrap.go:93.2,93.49 1 1
github.com/testcontainers/testcontainers-go/internal/core/bootstrap.go:96.25,98.2 1 0
github.com/testcontainers/testcontainers-go/internal/core/bootstrap.go:100.27,102.2 1 0
github.com/testcontainers/testcontainers-go/internal/core/bootstrap.go:104.25,106.2 1 0
github.com/testcontainers/testcontainers-go/internal/core/client.go:14.80,20.22 4 0
github.com/testcontainers/testcontainers-go/internal/core/client.go:20.22,24.30 2 0
github.com/testcontainers/testcontainers-go/internal/core/client.go:24.30,30.4 4 0
github.com/testcontainers/testcontainers-go/internal/core/client.go:33.2,45.16 4 0
github.com/testcontainers/testcontainers-go/internal/core/client.go:45.16,47.3 1 0
github.com/testcontainers/testcontainers-go/internal/core/client.go:49.2,49.17 1 0
github.com/testcontainers/testcontainers-go/internal/core/docker_host.go:45.41,49.16 3 0
github.com/testcontainers/testcontainers-go/internal/core/docker_host.go:49.16,51.3 1 0
github.com/testcontainers/testcontainers-go/internal/core/docker_host.go:52.2,53.18 2 0
github.com/testcontainers/testcontainers-go/internal/core/docker_host.go:53.18,55.3 1 0
github.com/testcontainers/testcontainers-go/internal/core/docker_host.go:56.2,56.16 1 0
github.com/testcontainers/testcontainers-go/internal/core/docker_host.go:61.68,63.16 2 0
github.com/testcontainers/testcontainers-go/internal/core/docker_host.go:63.16,65.3 1 0
github.com/testcontainers/testcontainers-go/internal/core/docker_host.go:66.2,69.16 3 0
github.com/testcontainers/testcontainers-go/internal/core/docker_host.go:69.16,71.3 1 0
github.com/testcontainers/testcontainers-go/internal/core/docker_host.go:73.2,73.12 1 0
github.com/testcontainers/testcontainers-go/internal/core/docker_host.go:87.56,88.27 1 2
github.com/testcontainers/testcontainers-go/internal/core/docker_host.go:88.27,90.17 2 1
github.com/testcontainers/testcontainers-go/internal/core/docker_host.go:90.17,91.14 1 0
github.com/testcontainers/testcontainers-go/internal/core/docker_host.go:94.3,94.26 1 1
github.com/testcontainers/testcontainers-go/internal/core/docker_host.go:97.2,97.24 1 2
github.com/testcontainers/testcontainers-go/internal/core/docker_host.go:113.58,114.33 1 0
github.com/testcontainers/testcontainers-go/internal/core/docker_host.go:114.33,116.3 1 0
github.com/testcontainers/testcontainers-go/internal/core/docker_host.go:118.2,118.30 1 0
github.com/testcontainers/testcontainers-go/internal/core/docker_host.go:123.61,134.45 3 15
github.com/testcontainers/testcontainers-go/internal/core/docker_host.go:134.45,136.17 2 58
github.com/testcontainers/testcontainers-go/internal/core/docker_host.go:136.17,137.26 1 43
github.com/testcontainers/testcontainers-go/internal/core/docker_host.go:137.26,139.5 1 7
github.com/testcontainers/testcontainers-go/internal/core/docker_host.go:140.4,140.12 1 43
github.com/testcontainers/testcontainers-go/internal/core/docker_host.go:143.3,143.57 1 15
github.com/testcontainers/testcontainers-go/internal/core/docker_host.go:143.57,145.12 2 5
github.com/testcontainers/testcontainers-go/internal/core/docker_host.go:148.3,148.25 1 10
github.com/testcontainers/testcontainers-go/internal/core/docker_host.go:151.2,151.19 1 5
github.com/testcontainers/testcontainers-go/internal/core/docker_host.go:151.19,153.3 1 5
github.com/testcontainers/testcontainers-go/internal/core/docker_host.go:155.2,155.30 1 0
github.com/testcontainers/testcontainers-go/internal/core/docker_host.go:162.54,164.16 2 0
github.com/testcontainers/testcontainers-go/internal/core/docker_host.go:164.16,165.13 1 0
github.com/testcontainers/testcontainers-go/internal/core/docker_host.go:167.2,169.48 2 0
github.com/testcontainers/testcontainers-go/internal/core/docker_host.go:176.86,178.52 1 12
github.com/testcontainers/testcontainers-go/internal/core/docker_host.go:178.52,180.43 1 9
github.com/testcontainers/testcontainers-go/internal/core/docker_host.go:180.43,182.4 1 4
github.com/testcontainers/testcontainers-go/internal/core/docker_host.go:184.3,184.52 1 5
github.com/testcontainers/testcontainers-go/internal/core/docker_host.go:184.52,186.4 1 4
github.com/testcontainers/testcontainers-go/internal/core/docker_host.go:188.3,188.16 1 1
github.com/testcontainers/testcontainers-go/internal/core/docker_host.go:191.2,192.16 2 12
github.com/testcontainers/testcontainers-go/internal/core/docker_host.go:192.16,194.3 1 2
github.com/testcontainers/testcontainers-go/internal/core/docker_host.go:196.2,197.16 2 10
github.com/testcontainers/testcontainers-go/internal/core/docker_host.go:197.16,199.3 1 3
github.com/testcontainers/testcontainers-go/internal/core/docker_host.go:201.2,202.16 2 7
github.com/testcontainers/testcontainers-go/internal/core/docker_host.go:202.16,203.13 1 0
github.com/testcontainers/testcontainers-go/internal/core/docker_host.go:207.2,207.46 1 7
github.com/testcontainers/testcontainers-go/internal/core/docker_host.go:207.46,208.18 1 2
github.com/testcontainers/testcontainers-go/internal/core/docker_host.go:208.18,210.4 1 1
github.com/testcontainers/testcontainers-go/internal/core/docker_host.go:212.3,212.26 1 1
github.com/testcontainers/testcontainers-go/internal/core/docker_host.go:215.2,216.16 2 5
github.com/testcontainers/testcontainers-go/internal/core/docker_host.go:216.16,217.13 1 1
github.com/testcontainers/testcontainers-go/internal/core/docker_host.go:220.2,220.40 1 4
github.com/testcontainers/testcontainers-go/internal/core/docker_host.go:225.35,226.9 1 73
github.com/testcontainers/testcontainers-go/internal/core/docker_host.go:235.51,236.14 1 61
github.com/testcontainers/testcontainers-go/internal/core/docker_host.go:237.10,238.15 1 12
github.com/testcontainers/testcontainers-go/internal/core/docker_host.go:243.59,244.70 1 16
github.com/testcontainers/testcontainers-go/internal/core/docker_host.go:244.70,246.3 1 7
github.com/testcontainers/testcontainers-go/internal/core/docker_host.go:248.2,248.32 1 9
github.com/testcontainers/testcontainers-go/internal/core/docker_host.go:252.65,253.88 1 12
github.com/testcontainers/testcontainers-go/internal/core/docker_host.go:253.88,255.17 2 6
github.com/testcontainers/testcontainers-go/internal/core/docker_host.go:255.17,257.4 1 4
github.com/testcontainers/testcontainers-go/internal/core/docker_host.go:259.3,259.21 1 2
github.com/testcontainers/testcontainers-go/internal/core/docker_host.go:262.2,262.43 1 6
github.com/testcontainers/testcontainers-go/internal/core/docker_host.go:266.66,269.22 3 9
github.com/testcontainers/testcontainers-go/internal/core/docker_host.go:269.22,271.3 1 4
github.com/testcontainers/testcontainers-go/internal/core/docker_host.go:273.2,273.46 1 5
github.com/testcontainers/testcontainers-go/internal/core/docker_host.go:278.49,279.93 1 12
github.com/testcontainers/testcontainers-go/internal/core/docker_host.go:279.93,281.3 1 4
github.com/testcontainers/testcontainers-go/internal/core/docker_host.go:283.2,283.42 1 8
github.com/testcontainers/testcontainers-go/internal/core/docker_host.go:288.58,289.34 1 10
github.com/testcontainers/testcontainers-go/internal/core/docker_host.go:289.34,291.3 1 4
github.com/testcontainers/testcontainers-go/internal/core/docker_host.go:293.2,293.36 1 6
github.com/testcontainers/testcontainers-go/internal/core/docker_host.go:297.74,300.30 3 29
github.com/testcontainers/testcontainers-go/internal/core/docker_host.go:300.30,302.17 2 5
github.com/testcontainers/testcontainers-go/internal/core/docker_host.go:302.17,304.4 1 0
github.com/testcontainers/testcontainers-go/internal/core/docker_host.go:306.3,306.21 1 5
github.com/testcontainers/testcontainers-go/internal/core/docker_host.go:309.2,309.52 1 24
github.com/testcontainers/testcontainers-go/internal/core/docker_host.go:319.26,321.2 1 0
github.com/testcontainers/testcontainers-go/internal/core/docker_host.go:323.37,325.41 1 2
github.com/testcontainers/testcontainers-go/internal/core/docker_host.go:325.41,327.3 1 1
github.com/testcontainers/testcontainers-go/internal/core/docker_host.go:328.2,328.14 1 1
github.com/testcontainers/testcontainers-go/internal/core/docker_rootless.go:28.23,30.2 1 20
github.com/testcontainers/testcontainers-go/internal/core/docker_rootless.go:42.66,45.17 1 11
github.com/testcontainers/testcontainers-go/internal/core/docker_rootless.go:45.17,47.3 1 1
github.com/testcontainers/testcontainers-go/internal/core/docker_rootless.go:49.2,57.45 3 10
github.com/testcontainers/testcontainers-go/internal/core/docker_rootless.go:57.45,59.17 2 34
github.com/testcontainers/testcontainers-go/internal/core/docker_rootless.go:59.17,60.26 1 30
github.com/testcontainers/testcontainers-go/internal/core/docker_rootless.go:60.26,62.5 1 5
github.com/testcontainers/testcontainers-go/internal/core/docker_rootless.go:63.4,63.12 1 30
github.com/testcontainers/testcontainers-go/internal/core/docker_rootless.go:66.3,66.37 1 4
github.com/testcontainers/testcontainers-go/internal/core/docker_rootless.go:69.2,69.19 1 6
github.com/testcontainers/testcontainers-go/internal/core/docker_rootless.go:69.19,71.3 1 5
github.com/testcontainers/testcontainers-go/internal/core/docker_rootless.go:73.2,73.38 1 1
github.com/testcontainers/testcontainers-go/internal/core/docker_rootless.go:76.32,79.2 2 43
github.com/testcontainers/testcontainers-go/internal/core/docker_rootless.go:81.41,83.16 2 11
github.com/testcontainers/testcontainers-go/internal/core/docker_rootless.go:83.16,85.3 1 1
github.com/testcontainers/testcontainers-go/internal/core/docker_rootless.go:87.2,87.24 1 10
github.com/testcontainers/testcontainers-go/internal/core/docker_rootless.go:88.23,89.27 1 2
github.com/testcontainers/testcontainers-go/internal/core/docker_rootless.go:90.13,92.16 1 5
github.com/testcontainers/testcontainers-go/internal/core/docker_rootless.go:93.10,94.29 1 3
github.com/testcontainers/testcontainers-go/internal/core/docker_rootless.go:100.50,102.12 2 10
github.com/testcontainers/testcontainers-go/internal/core/docker_rootless.go:102.12,104.20 2 6
github.com/testcontainers/testcontainers-go/internal/core/docker_rootless.go:104.20,106.4 1 1
github.com/testcontainers/testcontainers-go/internal/core/docker_rootless.go:108.3,108.52 1 5
github.com/testcontainers/testcontainers-go/internal/core/docker_rootless.go:111.2,111.35 1 4
github.com/testcontainers/testcontainers-go/internal/core/docker_rootless.go:115.57,117.16 2 9
github.com/testcontainers/testcontainers-go/internal/core/docker_rootless.go:117.16,119.3 1 0
github.com/testcontainers/testcontainers-go/internal/core/docker_rootless.go:121.2,122.19 2 9
github.com/testcontainers/testcontainers-go/internal/core/docker_rootless.go:122.19,124.3 1 1
github.com/testcontainers/testcontainers-go/internal/core/docker_rootless.go:125.2,125.48 1 8
github.com/testcontainers/testcontainers-go/internal/core/docker_rootless.go:129.61,131.16 2 8
github.com/testcontainers/testcontainers-go/internal/core/docker_rootless.go:131.16,133.3 1 0
github.com/testcontainers/testcontainers-go/internal/core/docker_rootless.go:135.2,136.19 2 8
github.com/testcontainers/testcontainers-go/internal/core/docker_rootless.go:136.19,138.3 1 1
github.com/testcontainers/testcontainers-go/internal/core/docker_rootless.go:139.2,139.52 1 7
github.com/testcontainers/testcontainers-go/internal/core/docker_rootless.go:143.53,146.19 3 7
github.com/testcontainers/testcontainers-go/internal/core/docker_rootless.go:146.19,148.3 1 1
github.com/testcontainers/testcontainers-go/internal/core/docker_rootless.go:149.2,149.44 1 6
github.com/testcontainers/testcontainers-go/internal/core/docker_socket.go:25.13,29.16 3 1
github.com/testcontainers/testcontainers-go/internal/core/docker_socket.go:29.16,33.3 1 0
github.com/testcontainers/testcontainers-go/internal/core/docker_socket.go:35.2,35.18 1 1
github.com/testcontainers/testcontainers-go/internal/core/docker_socket.go:36.23,39.48 3 1
github.com/testcontainers/testcontainers-go/internal/core/docker_socket.go:39.48,46.4 1 0
github.com/testcontainers/testcontainers-go/internal/core/docker_socket.go:47.3,47.69 1 1
github.com/testcontainers/testcontainers-go/internal/core/images.go:30.101,32.16 2 5
github.com/testcontainers/testcontainers-go/internal/core/images.go:32.16,34.3 1 1
github.com/testcontainers/testcontainers-go/internal/core/images.go:35.2,37.49 2 4
github.com/testcontainers/testcontainers-go/internal/core/images.go:41.91,45.21 4 4
github.com/testcontainers/testcontainers-go/internal/core/images.go:45.21,47.3 1 20
github.com/testcontainers/testcontainers-go/internal/core/images.go:48.2,48.26 1 4
github.com/testcontainers/testcontainers-go/internal/core/images.go:48.26,50.3 1 0
github.com/testcontainers/testcontainers-go/internal/core/images.go:53.2,53.29 1 4
github.com/testcontainers/testcontainers-go/internal/core/images.go:53.29,55.56 2 20
github.com/testcontainers/testcontainers-go/internal/core/images.go:55.56,56.12 1 8
github.com/testcontainers/testcontainers-go/internal/core/images.go:60.3,62.22 3 12
github.com/testcontainers/testcontainers-go/internal/core/images.go:62.22,63.12 1 0
github.com/testcontainers/testcontainers-go/internal/core/images.go:67.3,67.31 1 12
github.com/testcontainers/testcontainers-go/internal/core/images.go:67.31,68.16 1 16
github.com/testcontainers/testcontainers-go/internal/core/images.go:68.16,70.5 1 16
github.com/testcontainers/testcontainers-go/internal/core/images.go:72.3,72.36 1 12
github.com/testcontainers/testcontainers-go/internal/core/images.go:75.2,75.20 1 4
github.com/testcontainers/testcontainers-go/internal/core/images.go:94.60,96.19 2 27
github.com/testcontainers/testcontainers-go/internal/core/images.go:96.19,98.3 1 1
github.com/testcontainers/testcontainers-go/internal/core/images.go:100.2,102.21 2 26
github.com/testcontainers/testcontainers-go/internal/core/images.go:102.21,104.3 1 20
github.com/testcontainers/testcontainers-go/internal/core/images.go:106.2,106.17 1 6
github.com/testcontainers/testcontainers-go/internal/core/images.go:111.29,112.127 1 26
github.com/testcontainers/testcontainers-go/internal/core/images.go:112.127,114.3 1 4
github.com/testcontainers/testcontainers-go/internal/core/images.go:115.2,116.65 2 22
github.com/testcontainers/testcontainers-go/internal/core/images.go:116.65,120.3 1 8
github.com/testcontainers/testcontainers-go/internal/core/images.go:121.2,122.16 2 22
github.com/testcontainers/testcontainers-go/internal/core/images.go:122.16,124.3 1 0
github.com/testcontainers/testcontainers-go/internal/core/images.go:125.2,125.36 1 22
github.com/testcontainers/testcontainers-go/internal/core/images.go:125.36,127.3 1 0
github.com/testcontainers/testcontainers-go/internal/core/images.go:128.2,128.70 1 22
github.com/testcontainers/testcontainers-go/internal/core/images.go:128.70,130.3 1 2
github.com/testcontainers/testcontainers-go/internal/core/images.go:131.2,131.31 1 20
github.com/testcontainers/testcontainers-go/internal/core/labels.go:38.56,46.33 2 0
github.com/testcontainers/testcontainers-go/internal/core/labels.go:46.33,48.3 1 0
github.com/testcontainers/testcontainers-go/internal/core/labels.go:50.2,50.15 1 0
github.com/testcontainers/testcontainers-go/internal/core/labels.go:54.67,56.2 1 0
github.com/testcontainers/testcontainers-go/internal/core/labels.go:61.58,62.16 1 3
github.com/testcontainers/testcontainers-go/internal/core/labels.go:62.16,64.3 1 1
github.com/testcontainers/testcontainers-go/internal/core/labels.go:65.2,65.30 1 2
github.com/testcontainers/testcontainers-go/internal/core/labels.go:65.30,66.40 1 4
github.com/testcontainers/testcontainers-go/internal/core/labels.go:66.40,68.4 1 1
github.com/testcontainers/testcontainers-go/internal/core/labels.go:69.3,69.19 1 3
github.com/testcontainers/testcontainers-go/internal/core/labels.go:71.2,71.12 1 1
github.com/testcontainers/testcontainers-go/network/network.go:22.97,28.27 2 12
github.com/testcontainers/testcontainers-go/network/network.go:28.27,29.44 1 17
github.com/testcontainers/testcontainers-go/network/network.go:29.44,31.4 1 0
github.com/testcontainers/testcontainers-go/network/network.go:35.2,49.16 3 12
github.com/testcontainers/testcontainers-go/network/network.go:49.16,51.3 1 1
github.com/testcontainers/testcontainers-go/network/network.go:55.2,55.47 1 11
github.com/testcontainers/testcontainers-go/network/network.go:68.79,70.2 1 17
github.com/testcontainers/testcontainers-go/network/network.go:73.46,74.53 1 5
github.com/testcontainers/testcontainers-go/network/network.go:74.53,78.3 2 5
github.com/testcontainers/testcontainers-go/network/network.go:84.50,85.46 1 0
github.com/testcontainers/testcontainers-go/network/network.go:85.46,87.3 1 0
github.com/testcontainers/testcontainers-go/network/network.go:91.55,92.53 1 4
github.com/testcontainers/testcontainers-go/network/network.go:92.53,96.3 2 4
github.com/testcontainers/testcontainers-go/network/network.go:101.46,102.53 1 0
github.com/testcontainers/testcontainers-go/network/network.go:102.53,106.3 3 0
github.com/testcontainers/testcontainers-go/network/network.go:110.44,111.53 1 2
github.com/testcontainers/testcontainers-go/network/network.go:111.53,115.3 2 2
github.com/testcontainers/testcontainers-go/network/network.go:120.66,121.53 1 4
github.com/testcontainers/testcontainers-go/network/network.go:121.53,125.3 2 4
github.com/testcontainers/testcontainers-go/network/network.go:129.58,130.53 1 2
github.com/testcontainers/testcontainers-go/network/network.go:130.53,134.3 2 2
github.com/testcontainers/testcontainers-go/network/network.go:139.108,141.2 1 101
github.com/testcontainers/testcontainers-go/network/network.go:147.98,148.65 1 103
github.com/testcontainers/testcontainers-go/network/network.go:148.65,149.30 1 103
github.com/testcontainers/testcontainers-go/network/network.go:149.30,151.4 1 1
github.com/testcontainers/testcontainers-go/network/network.go:154.3,156.32 2 102
github.com/testcontainers/testcontainers-go/network/network.go:156.32,158.4 1 102
github.com/testcontainers/testcontainers-go/network/network.go:159.3,161.13 2 102
github.com/testcontainers/testcontainers-go/network/network.go:167.64,168.65 1 1
github.com/testcontainers/testcontainers-go/network/network.go:168.65,171.3 2 1
github.com/testcontainers/testcontainers-go/network/network.go:176.125,177.65 1 2
github.com/testcontainers/testcontainers-go/network/network.go:177.65,179.17 2 2
github.com/testcontainers/testcontainers-go/network/network.go:179.17,181.4 1 1
github.com/testcontainers/testcontainers-go/network/network.go:183.3,188.32 3 1
github.com/testcontainers/testcontainers-go/network/network.go:188.32,190.4 1 1
github.com/testcontainers/testcontainers-go/network/network.go:191.3,193.13 2 1
