mode: atomic
github.com/testcontainers/testcontainers-go/modules/solace/solace.go:32.87,36.2 3 3
github.com/testcontainers/testcontainers-go/modules/solace/solace.go:39.64,42.2 2 3
github.com/testcontainers/testcontainers-go/modules/solace/solace.go:45.79,47.21 1 2
github.com/testcontainers/testcontainers-go/modules/solace/solace.go:47.21,49.3 1 2
github.com/testcontainers/testcontainers-go/modules/solace/solace.go:50.2,51.10 2 2
github.com/testcontainers/testcontainers-go/modules/solace/solace.go:55.75,56.22 1 3
github.com/testcontainers/testcontainers-go/modules/solace/solace.go:56.22,58.3 1 3
github.com/testcontainers/testcontainers-go/modules/solace/solace.go:59.2,59.24 1 3
github.com/testcontainers/testcontainers-go/modules/solace/solace.go:59.24,61.3 1 6
github.com/testcontainers/testcontainers-go/modules/solace/solace.go:62.2,62.10 1 3
github.com/testcontainers/testcontainers-go/modules/solace/solace.go:66.78,69.2 2 3
github.com/testcontainers/testcontainers-go/modules/solace/solace.go:78.77,79.17 1 3
github.com/testcontainers/testcontainers-go/modules/solace/solace.go:79.17,81.3 1 0
github.com/testcontainers/testcontainers-go/modules/solace/solace.go:82.2,88.3 1 3
github.com/testcontainers/testcontainers-go/modules/solace/solace.go:91.68,94.2 2 3
github.com/testcontainers/testcontainers-go/modules/solace/solace.go:97.74,101.53 3 3
github.com/testcontainers/testcontainers-go/modules/solace/solace.go:101.53,105.30 2 15
github.com/testcontainers/testcontainers-go/modules/solace/solace.go:105.30,108.4 1 3
github.com/testcontainers/testcontainers-go/modules/solace/solace.go:111.3,111.44 1 12
github.com/testcontainers/testcontainers-go/modules/solace/solace.go:114.2,114.103 1 0
github.com/testcontainers/testcontainers-go/modules/solace/solace.go:117.58,119.18 2 3
github.com/testcontainers/testcontainers-go/modules/solace/solace.go:119.18,121.3 1 0
github.com/testcontainers/testcontainers-go/modules/solace/solace.go:124.2,128.30 2 3
github.com/testcontainers/testcontainers-go/modules/solace/solace.go:128.30,130.3 1 6
github.com/testcontainers/testcontainers-go/modules/solace/solace.go:133.2,136.38 4 3
github.com/testcontainers/testcontainers-go/modules/solace/solace.go:136.38,138.46 2 15
github.com/testcontainers/testcontainers-go/modules/solace/solace.go:138.46,141.4 2 15
github.com/testcontainers/testcontainers-go/modules/solace/solace.go:143.2,143.29 1 3
github.com/testcontainers/testcontainers-go/modules/solace/solace.go:143.29,145.3 1 3
github.com/testcontainers/testcontainers-go/modules/solace/solace.go:149.2,150.23 2 3
github.com/testcontainers/testcontainers-go/modules/solace/solace.go:150.23,154.26 2 2
github.com/testcontainers/testcontainers-go/modules/solace/solace.go:154.26,169.4 14 2
github.com/testcontainers/testcontainers-go/modules/solace/solace.go:172.3,186.39 11 2
github.com/testcontainers/testcontainers-go/modules/solace/solace.go:186.39,195.33 6 2
github.com/testcontainers/testcontainers-go/modules/solace/solace.go:195.33,199.5 3 2
github.com/testcontainers/testcontainers-go/modules/solace/solace.go:201.3,201.30 1 2
github.com/testcontainers/testcontainers-go/modules/solace/solace.go:204.2,210.54 1 3
github.com/testcontainers/testcontainers-go/modules/solace/solace.go:210.54,212.4 1 6
github.com/testcontainers/testcontainers-go/modules/solace/solace.go:214.2,218.16 2 3
github.com/testcontainers/testcontainers-go/modules/solace/solace.go:218.16,220.3 1 0
github.com/testcontainers/testcontainers-go/modules/solace/solace.go:222.2,225.51 2 3
github.com/testcontainers/testcontainers-go/modules/solace/solace.go:225.51,227.3 1 0
github.com/testcontainers/testcontainers-go/modules/solace/solace.go:230.2,230.21 1 3
github.com/testcontainers/testcontainers-go/modules/solace/solace.go:230.21,233.17 2 2
github.com/testcontainers/testcontainers-go/modules/solace/solace.go:233.17,235.4 1 0
github.com/testcontainers/testcontainers-go/modules/solace/solace.go:236.3,237.61 2 2
github.com/testcontainers/testcontainers-go/modules/solace/solace.go:237.61,239.4 1 0
github.com/testcontainers/testcontainers-go/modules/solace/solace.go:240.3,240.41 1 2
github.com/testcontainers/testcontainers-go/modules/solace/solace.go:240.41,242.4 1 0
github.com/testcontainers/testcontainers-go/modules/solace/solace.go:245.3,246.17 2 2
github.com/testcontainers/testcontainers-go/modules/solace/solace.go:246.17,248.4 1 0
github.com/testcontainers/testcontainers-go/modules/solace/solace.go:251.3,253.17 3 2
github.com/testcontainers/testcontainers-go/modules/solace/solace.go:253.17,255.22 2 2
github.com/testcontainers/testcontainers-go/modules/solace/solace.go:255.22,257.5 1 2
github.com/testcontainers/testcontainers-go/modules/solace/solace.go:257.10,259.5 1 0
github.com/testcontainers/testcontainers-go/modules/solace/solace.go:261.3,261.17 1 2
github.com/testcontainers/testcontainers-go/modules/solace/solace.go:261.17,263.4 1 0
github.com/testcontainers/testcontainers-go/modules/solace/solace.go:264.3,264.16 1 2
github.com/testcontainers/testcontainers-go/modules/solace/solace.go:264.16,266.4 1 0
github.com/testcontainers/testcontainers-go/modules/solace/solace.go:269.2,269.12 1 3
github.com/testcontainers/testcontainers-go/modules/solace/solace.go:273.73,275.16 2 3
github.com/testcontainers/testcontainers-go/modules/solace/solace.go:275.16,277.3 1 0
github.com/testcontainers/testcontainers-go/modules/solace/solace.go:278.2,279.16 2 3
github.com/testcontainers/testcontainers-go/modules/solace/solace.go:279.16,281.3 1 0
github.com/testcontainers/testcontainers-go/modules/solace/solace.go:282.2,282.76 1 3
github.com/testcontainers/testcontainers-go/modules/solace/solace.go:286.45,287.24 1 2
github.com/testcontainers/testcontainers-go/modules/solace/solace.go:287.24,289.3 1 2
github.com/testcontainers/testcontainers-go/modules/solace/solace.go:290.2,290.12 1 0
