mode: atomic
github.com/testcontainers/testcontainers-go/modules/solace/solace.go:31.87,35.2 3 3
github.com/testcontainers/testcontainers-go/modules/solace/solace.go:38.64,41.2 2 3
github.com/testcontainers/testcontainers-go/modules/solace/solace.go:44.79,46.21 1 2
github.com/testcontainers/testcontainers-go/modules/solace/solace.go:46.21,48.3 1 2
github.com/testcontainers/testcontainers-go/modules/solace/solace.go:49.2,50.10 2 2
github.com/testcontainers/testcontainers-go/modules/solace/solace.go:54.75,55.22 1 3
github.com/testcontainers/testcontainers-go/modules/solace/solace.go:55.22,57.3 1 3
github.com/testcontainers/testcontainers-go/modules/solace/solace.go:58.2,58.24 1 3
github.com/testcontainers/testcontainers-go/modules/solace/solace.go:58.24,60.3 1 6
github.com/testcontainers/testcontainers-go/modules/solace/solace.go:61.2,61.10 1 3
github.com/testcontainers/testcontainers-go/modules/solace/solace.go:65.78,68.2 2 3
github.com/testcontainers/testcontainers-go/modules/solace/solace.go:77.77,78.17 1 3
github.com/testcontainers/testcontainers-go/modules/solace/solace.go:78.17,80.3 1 0
github.com/testcontainers/testcontainers-go/modules/solace/solace.go:81.2,87.3 1 3
github.com/testcontainers/testcontainers-go/modules/solace/solace.go:89.68,92.2 2 3
github.com/testcontainers/testcontainers-go/modules/solace/solace.go:95.74,99.53 3 3
github.com/testcontainers/testcontainers-go/modules/solace/solace.go:99.53,103.30 2 15
github.com/testcontainers/testcontainers-go/modules/solace/solace.go:103.30,106.4 1 3
github.com/testcontainers/testcontainers-go/modules/solace/solace.go:109.3,109.44 1 12
github.com/testcontainers/testcontainers-go/modules/solace/solace.go:112.2,112.103 1 0
github.com/testcontainers/testcontainers-go/modules/solace/solace.go:115.58,117.18 2 3
github.com/testcontainers/testcontainers-go/modules/solace/solace.go:117.18,119.3 1 0
github.com/testcontainers/testcontainers-go/modules/solace/solace.go:122.2,126.30 2 3
github.com/testcontainers/testcontainers-go/modules/solace/solace.go:126.30,128.3 1 6
github.com/testcontainers/testcontainers-go/modules/solace/solace.go:131.2,134.38 4 3
github.com/testcontainers/testcontainers-go/modules/solace/solace.go:134.38,136.46 2 15
github.com/testcontainers/testcontainers-go/modules/solace/solace.go:136.46,139.4 2 15
github.com/testcontainers/testcontainers-go/modules/solace/solace.go:141.2,141.29 1 3
github.com/testcontainers/testcontainers-go/modules/solace/solace.go:141.29,143.3 1 3
github.com/testcontainers/testcontainers-go/modules/solace/solace.go:147.2,148.23 2 3
github.com/testcontainers/testcontainers-go/modules/solace/solace.go:148.23,152.26 2 2
github.com/testcontainers/testcontainers-go/modules/solace/solace.go:152.26,167.4 14 2
github.com/testcontainers/testcontainers-go/modules/solace/solace.go:170.3,184.39 11 2
github.com/testcontainers/testcontainers-go/modules/solace/solace.go:184.39,193.33 6 2
github.com/testcontainers/testcontainers-go/modules/solace/solace.go:193.33,197.5 3 2
github.com/testcontainers/testcontainers-go/modules/solace/solace.go:199.3,199.30 1 2
github.com/testcontainers/testcontainers-go/modules/solace/solace.go:202.2,208.54 1 3
github.com/testcontainers/testcontainers-go/modules/solace/solace.go:208.54,210.4 1 6
github.com/testcontainers/testcontainers-go/modules/solace/solace.go:212.2,217.16 2 3
github.com/testcontainers/testcontainers-go/modules/solace/solace.go:217.16,219.3 1 0
github.com/testcontainers/testcontainers-go/modules/solace/solace.go:221.2,224.51 2 3
github.com/testcontainers/testcontainers-go/modules/solace/solace.go:224.51,226.3 1 0
github.com/testcontainers/testcontainers-go/modules/solace/solace.go:229.2,229.21 1 3
github.com/testcontainers/testcontainers-go/modules/solace/solace.go:229.21,232.17 2 2
github.com/testcontainers/testcontainers-go/modules/solace/solace.go:232.17,234.4 1 0
github.com/testcontainers/testcontainers-go/modules/solace/solace.go:235.3,236.61 2 2
github.com/testcontainers/testcontainers-go/modules/solace/solace.go:236.61,238.4 1 0
github.com/testcontainers/testcontainers-go/modules/solace/solace.go:239.3,239.41 1 2
github.com/testcontainers/testcontainers-go/modules/solace/solace.go:239.41,241.4 1 0
github.com/testcontainers/testcontainers-go/modules/solace/solace.go:244.3,245.17 2 2
github.com/testcontainers/testcontainers-go/modules/solace/solace.go:245.17,247.4 1 0
github.com/testcontainers/testcontainers-go/modules/solace/solace.go:250.3,252.17 3 2
github.com/testcontainers/testcontainers-go/modules/solace/solace.go:252.17,254.22 2 2
github.com/testcontainers/testcontainers-go/modules/solace/solace.go:254.22,256.5 1 2
github.com/testcontainers/testcontainers-go/modules/solace/solace.go:256.10,258.5 1 0
github.com/testcontainers/testcontainers-go/modules/solace/solace.go:260.3,260.17 1 2
github.com/testcontainers/testcontainers-go/modules/solace/solace.go:260.17,262.4 1 0
github.com/testcontainers/testcontainers-go/modules/solace/solace.go:263.3,263.16 1 2
github.com/testcontainers/testcontainers-go/modules/solace/solace.go:263.16,265.4 1 0
github.com/testcontainers/testcontainers-go/modules/solace/solace.go:268.2,268.12 1 3
github.com/testcontainers/testcontainers-go/modules/solace/solace.go:272.70,274.16 2 3
github.com/testcontainers/testcontainers-go/modules/solace/solace.go:274.16,276.3 1 0
github.com/testcontainers/testcontainers-go/modules/solace/solace.go:277.2,278.16 2 3
github.com/testcontainers/testcontainers-go/modules/solace/solace.go:278.16,280.3 1 0
github.com/testcontainers/testcontainers-go/modules/solace/solace.go:281.2,281.76 1 3
github.com/testcontainers/testcontainers-go/modules/solace/solace.go:284.45,285.24 1 2
github.com/testcontainers/testcontainers-go/modules/solace/solace.go:285.24,287.3 1 2
github.com/testcontainers/testcontainers-go/modules/solace/solace.go:288.2,288.12 1 0
