mode: atomic
github.com/testcontainers/testcontainers-go/modules/toxiproxy/config.go:25.34,27.16 2 4
github.com/testcontainers/testcontainers-go/modules/toxiproxy/config.go:27.16,29.3 1 0
github.com/testcontainers/testcontainers-go/modules/toxiproxy/config.go:30.2,33.16 3 4
github.com/testcontainers/testcontainers-go/modules/toxiproxy/config.go:33.16,35.3 1 0
github.com/testcontainers/testcontainers-go/modules/toxiproxy/config.go:36.2,39.16 3 4
github.com/testcontainers/testcontainers-go/modules/toxiproxy/config.go:39.16,41.3 1 0
github.com/testcontainers/testcontainers-go/modules/toxiproxy/config.go:42.2,45.16 3 4
github.com/testcontainers/testcontainers-go/modules/toxiproxy/config.go:45.16,47.3 1 0
github.com/testcontainers/testcontainers-go/modules/toxiproxy/config.go:48.2,50.12 2 4
github.com/testcontainers/testcontainers-go/modules/toxiproxy/config.go:54.61,56.16 2 11
github.com/testcontainers/testcontainers-go/modules/toxiproxy/config.go:56.16,58.3 1 2
github.com/testcontainers/testcontainers-go/modules/toxiproxy/config.go:60.2,61.16 2 9
github.com/testcontainers/testcontainers-go/modules/toxiproxy/config.go:61.16,63.3 1 1
github.com/testcontainers/testcontainers-go/modules/toxiproxy/config.go:65.2,69.8 1 8
github.com/testcontainers/testcontainers-go/modules/toxiproxy/options.go:15.31,19.2 1 6
github.com/testcontainers/testcontainers-go/modules/toxiproxy/options.go:28.74,31.2 1 4
github.com/testcontainers/testcontainers-go/modules/toxiproxy/options.go:37.53,38.32 1 5
github.com/testcontainers/testcontainers-go/modules/toxiproxy/options.go:38.32,40.17 2 5
github.com/testcontainers/testcontainers-go/modules/toxiproxy/options.go:40.17,42.4 1 2
github.com/testcontainers/testcontainers-go/modules/toxiproxy/options.go:44.3,45.13 2 3
github.com/testcontainers/testcontainers-go/modules/toxiproxy/options.go:56.41,57.32 1 7
github.com/testcontainers/testcontainers-go/modules/toxiproxy/options.go:57.32,61.17 3 7
github.com/testcontainers/testcontainers-go/modules/toxiproxy/options.go:61.17,63.4 1 1
github.com/testcontainers/testcontainers-go/modules/toxiproxy/options.go:65.3,65.32 1 6
github.com/testcontainers/testcontainers-go/modules/toxiproxy/options.go:65.32,67.18 2 6
github.com/testcontainers/testcontainers-go/modules/toxiproxy/options.go:67.18,69.5 1 1
github.com/testcontainers/testcontainers-go/modules/toxiproxy/options.go:71.4,71.40 1 5
github.com/testcontainers/testcontainers-go/modules/toxiproxy/options.go:74.3,74.13 1 5
github.com/testcontainers/testcontainers-go/modules/toxiproxy/toxiproxy.go:36.68,38.9 2 4
github.com/testcontainers/testcontainers-go/modules/toxiproxy/toxiproxy.go:38.9,40.3 1 1
github.com/testcontainers/testcontainers-go/modules/toxiproxy/toxiproxy.go:42.2,42.36 1 3
github.com/testcontainers/testcontainers-go/modules/toxiproxy/toxiproxy.go:46.62,48.16 2 3
github.com/testcontainers/testcontainers-go/modules/toxiproxy/toxiproxy.go:48.16,50.3 1 0
github.com/testcontainers/testcontainers-go/modules/toxiproxy/toxiproxy.go:52.2,52.26 1 3
github.com/testcontainers/testcontainers-go/modules/toxiproxy/toxiproxy.go:56.107,60.106 1 6
github.com/testcontainers/testcontainers-go/modules/toxiproxy/toxiproxy.go:60.106,62.4 1 6
github.com/testcontainers/testcontainers-go/modules/toxiproxy/toxiproxy.go:65.2,71.27 3 6
github.com/testcontainers/testcontainers-go/modules/toxiproxy/toxiproxy.go:71.27,72.36 1 9
github.com/testcontainers/testcontainers-go/modules/toxiproxy/toxiproxy.go:72.36,73.43 1 4
github.com/testcontainers/testcontainers-go/modules/toxiproxy/toxiproxy.go:73.43,75.5 1 0
github.com/testcontainers/testcontainers-go/modules/toxiproxy/toxiproxy.go:77.3,77.61 1 9
github.com/testcontainers/testcontainers-go/modules/toxiproxy/toxiproxy.go:77.61,79.4 1 0
github.com/testcontainers/testcontainers-go/modules/toxiproxy/toxiproxy.go:83.2,84.41 2 6
github.com/testcontainers/testcontainers-go/modules/toxiproxy/toxiproxy.go:84.41,89.3 3 4
github.com/testcontainers/testcontainers-go/modules/toxiproxy/toxiproxy.go:90.2,94.16 3 6
github.com/testcontainers/testcontainers-go/modules/toxiproxy/toxiproxy.go:94.16,96.3 1 0
github.com/testcontainers/testcontainers-go/modules/toxiproxy/toxiproxy.go:99.2,99.31 1 6
github.com/testcontainers/testcontainers-go/modules/toxiproxy/toxiproxy.go:99.31,106.3 2 3
github.com/testcontainers/testcontainers-go/modules/toxiproxy/toxiproxy.go:108.2,110.22 3 6
github.com/testcontainers/testcontainers-go/modules/toxiproxy/toxiproxy.go:110.22,112.3 1 6
github.com/testcontainers/testcontainers-go/modules/toxiproxy/toxiproxy.go:114.2,114.16 1 6
github.com/testcontainers/testcontainers-go/modules/toxiproxy/toxiproxy.go:114.16,116.3 1 0
github.com/testcontainers/testcontainers-go/modules/toxiproxy/toxiproxy.go:119.2,119.41 1 6
github.com/testcontainers/testcontainers-go/modules/toxiproxy/toxiproxy.go:119.41,121.17 2 4
github.com/testcontainers/testcontainers-go/modules/toxiproxy/toxiproxy.go:121.17,123.4 1 0
github.com/testcontainers/testcontainers-go/modules/toxiproxy/toxiproxy.go:125.3,126.17 2 4
github.com/testcontainers/testcontainers-go/modules/toxiproxy/toxiproxy.go:126.17,128.4 1 0
github.com/testcontainers/testcontainers-go/modules/toxiproxy/toxiproxy.go:130.3,131.17 2 4
github.com/testcontainers/testcontainers-go/modules/toxiproxy/toxiproxy.go:131.17,133.4 1 0
github.com/testcontainers/testcontainers-go/modules/toxiproxy/toxiproxy.go:135.3,135.83 1 4
github.com/testcontainers/testcontainers-go/modules/toxiproxy/toxiproxy.go:138.2,138.15 1 6
