mode: set
github.com/testcontainers/testcontainers-go/modules/smocker/smocker.go:17.72,19.16 2 1
github.com/testcontainers/testcontainers-go/modules/smocker/smocker.go:19.16,21.3 1 0
github.com/testcontainers/testcontainers-go/modules/smocker/smocker.go:23.2,24.16 2 1
github.com/testcontainers/testcontainers-go/modules/smocker/smocker.go:24.16,26.3 1 0
github.com/testcontainers/testcontainers-go/modules/smocker/smocker.go:28.2,29.21 2 1
github.com/testcontainers/testcontainers-go/modules/smocker/smocker.go:33.73,35.16 2 1
github.com/testcontainers/testcontainers-go/modules/smocker/smocker.go:35.16,37.3 1 0
github.com/testcontainers/testcontainers-go/modules/smocker/smocker.go:39.2,40.16 2 1
github.com/testcontainers/testcontainers-go/modules/smocker/smocker.go:40.16,42.3 1 0
github.com/testcontainers/testcontainers-go/modules/smocker/smocker.go:44.2,45.21 2 1
github.com/testcontainers/testcontainers-go/modules/smocker/smocker.go:49.111,60.27 3 1
github.com/testcontainers/testcontainers-go/modules/smocker/smocker.go:60.27,62.3 1 1
github.com/testcontainers/testcontainers-go/modules/smocker/smocker.go:64.2,65.16 2 1
github.com/testcontainers/testcontainers-go/modules/smocker/smocker.go:65.16,67.3 1 0
github.com/testcontainers/testcontainers-go/modules/smocker/smocker.go:69.2,69.53 1 1
